<?xml version="1.0" encoding="UTF-8"?>
<beans xmlns="http://www.springframework.org/schema/beans"
       xmlns:xsi="http://www.w3.org/2001/XMLSchema-instance"
       xmlns:context="http://www.springframework.org/schema/context"
       xsi:schemaLocation="http://www.springframework.org/schema/beans
        http://www.springframework.org/schema/beans/spring-beans.xsd 
        http://www.springframework.org/schema/context 
        http://www.springframework.org/schema/context/spring-context.xsd">

	<!-- POOL配置 -->
	<bean id="jedisPoolConfig" class="redis.clients.jedis.JedisPoolConfig">
		<property name="maxTotal" value="50" />
		<property name="maxIdle" value="10" />
		<property name="maxWaitMillis" value="1000" />
		<property name="testOnBorrow" value="true" />

	</bean>

	<!-- jedis shard信息配置 -->
	<bean id="jedisShardInfo" class="redis.clients.jedis.JedisShardInfo">
		<constructor-arg index="0" value="127.0.0.1" />
		<constructor-arg index="1" value="6379" type="int" />
	</bean>

	<!-- jedis shard pool配置 -->
	<bean id="shardedJedisPool" class="redis.clients.jedis.ShardedJedisPool">
		<constructor-arg index="0" ref="jedisPoolConfig" />
		<constructor-arg index="1">
			<list>
				<ref bean="jedisShardInfo" />
			</list>
		</constructor-arg>
	</bean>
</beans>
